# JRE version: OpenJDK Runtime Environment Temurin-21.0.6+7 (21.0.6+7) (build 21.0.6+7-LTS)
# Java VM: OpenJDK 64-Bit Server VM Temurin-21.0.6+7 (21.0.6+7-LTS, mixed mode, sharing, tiered, compressed oops, compressed class ptrs, parallel gc, windows-amd64)
GC Precious Log:
 CardTable entry size: 512
 CPUs: 4 total, 4 available
 Memory: 8097M
 Large Page Support: Disabled
 NUMA Support: Disabled
 Compressed Oops: Enabled (32-bit)
 Alignments: Space 512K, Generation 512K, Heap 2M
 Heap Min Capacity: 100M
 Heap Initial Capacity: 100M
 Heap Max Capacity: 1G
 Pre-touch: Disabled
 Parallel Workers: 4
Heap:
 PSYoungGen      total 2560K, used 2101K [0x00000000eab00000, 0x00000000eaf00000, 0x0000000100000000)
  eden space 1024K, 98% used [0x00000000eab00000,0x00000000eabfd690,0x00000000eac00000)
  from space 1536K, 70% used [0x00000000ead80000,0x00000000eae90000,0x00000000eaf00000)
  to   space 1536K, 0% used [0x00000000eac00000,0x00000000eac00000,0x00000000ead80000)
 ParOldGen       total 431104K, used 207517K [0x00000000c0000000, 0x00000000da500000, 0x00000000eab00000)
  object space 431104K, 48% used [0x00000000c0000000,0x00000000ccaa76f8,0x00000000da500000)
 Metaspace       used 66318K, committed 67712K, reserved 1114112K
  class space    used 7541K, committed 8128K, reserved 1048576K
GC Heap History (20 events):
Event: 8249.249 GC heap before
{Heap before GC invocations=492 (full 3):
 PSYoungGen      total 1536K, used 1167K [0x00000000eab00000, 0x00000000ead80000, 0x0000000100000000)
  eden space 1024K, 82% used [0x00000000eab00000,0x00000000eabd22d0,0x00000000eac00000)
  from space 512K, 63% used [0x00000000ead00000,0x00000000ead51cc8,0x00000000ead80000)
  to   space 512K, 0% used [0x00000000eac80000,0x00000000eac80000,0x00000000ead00000)
 ParOldGen       total 431104K, used 201414K [0x00000000c0000000, 0x00000000da500000, 0x00000000eab00000)
  object space 431104K, 46% used [0x00000000c0000000,0x00000000cc4b1b18,0x00000000da500000)
 Metaspace       used 66318K, committed 67712K, reserved 1114112K
  class space    used 7541K, committed 8128K, reserved 1048576K
}
Event: 8249.254 GC heap after
{Heap after GC invocations=492 (full 3):
 PSYoungGen      total 1536K, used 128K [0x00000000eab00000, 0x00000000ead80000, 0x0000000100000000)
  eden space 1024K, 0% used [0x00000000eab00000,0x00000000eab00000,0x00000000eac00000)
  from space 512K, 25% used [0x00000000eac80000,0x00000000eaca0000,0x00000000ead00000)
  to   space 512K, 0% used [0x00000000ead00000,0x00000000ead00000,0x00000000ead80000)
 ParOldGen       total 431104K, used 201462K [0x00000000c0000000, 0x00000000da500000, 0x00000000eab00000)
  object space 431104K, 46% used [0x00000000c0000000,0x00000000cc4bdb18,0x00000000da500000)
 Metaspace       used 66318K, committed 67712K, reserved 1114112K
  class space    used 7541K, committed 8128K, reserved 1048576K
}
Event: 8249.587 GC heap before
{Heap before GC invocations=493 (full 3):
 PSYoungGen      total 1536K, used 1151K [0x00000000eab00000, 0x00000000ead80000, 0x0000000100000000)
  eden space 1024K, 99% used [0x00000000eab00000,0x00000000eabffff8,0x00000000eac00000)
  from space 512K, 25% used [0x00000000eac80000,0x00000000eaca0000,0x00000000ead00000)
  to   space 512K, 0% used [0x00000000ead00000,0x00000000ead00000,0x00000000ead80000)
 ParOldGen       total 431104K, used 201462K [0x00000000c0000000, 0x00000000da500000, 0x00000000eab00000)
  object space 431104K, 46% used [0x00000000c0000000,0x00000000cc4bdb18,0x00000000da500000)
 Metaspace       used 66318K, committed 67712K, reserved 1114112K
  class space    used 7541K, committed 8128K, reserved 1048576K
}
Event: 8249.594 GC heap after
{Heap after GC invocations=493 (full 3):
 PSYoungGen      total 1024K, used 499K [0x00000000eab00000, 0x00000000eaf00000, 0x0000000100000000)
  eden space 512K, 0% used [0x00000000eab00000,0x00000000eab00000,0x00000000eab80000)
  from space 512K, 97% used [0x00000000ead00000,0x00000000ead7cd50,0x00000000ead80000)
  to   space 1536K, 0% used [0x00000000eab80000,0x00000000eab80000,0x00000000ead00000)
 ParOldGen       total 431104K, used 202189K [0x00000000c0000000, 0x00000000da500000, 0x00000000eab00000)
  object space 431104K, 46% used [0x00000000c0000000,0x00000000cc5735c8,0x00000000da500000)
 Metaspace       used 66318K, committed 67712K, reserved 1114112K
  class space    used 7541K, committed 8128K, reserved 1048576K
}
Event: 8249.624 GC heap before
{Heap before GC invocations=494 (full 3):
 PSYoungGen      total 1024K, used 942K [0x00000000eab00000, 0x00000000eaf00000, 0x0000000100000000)
  eden space 512K, 86% used [0x00000000eab00000,0x00000000eab6ecd0,0x00000000eab80000)
  from space 512K, 97% used [0x00000000ead00000,0x00000000ead7cd50,0x00000000ead80000)
  to   space 1536K, 0% used [0x00000000eab80000,0x00000000eab80000,0x00000000ead00000)
 ParOldGen       total 431104K, used 202189K [0x00000000c0000000, 0x00000000da500000, 0x00000000eab00000)
  object space 431104K, 46% used [0x00000000c0000000,0x00000000cc5735c8,0x00000000da500000)
 Metaspace       used 66318K, committed 67712K, reserved 1114112K
  class space    used 7541K, committed 8128K, reserved 1048576K
}
Event: 8249.629 GC heap after
{Heap after GC invocations=494 (full 3):
 PSYoungGen      total 1024K, used 448K [0x00000000eab00000, 0x00000000ead80000, 0x0000000100000000)
  eden space 512K, 0% used [0x00000000eab00000,0x00000000eab00000,0x00000000eab80000)
  from space 512K, 87% used [0x00000000eab80000,0x00000000eabf0000,0x00000000eac00000)
  to   space 1024K, 0% used [0x00000000eac80000,0x00000000eac80000,0x00000000ead80000)
 ParOldGen       total 431104K, used 202704K [0x00000000c0000000, 0x00000000da500000, 0x00000000eab00000)
  object space 431104K, 47% used [0x00000000c0000000,0x00000000cc5f4318,0x00000000da500000)
 Metaspace       used 66318K, committed 67712K, reserved 1114112K
  class space    used 7541K, committed 8128K, reserved 1048576K
}
Event: 8249.804 GC heap before
{Heap before GC invocations=495 (full 3):
 PSYoungGen      total 1024K, used 960K [0x00000000eab00000, 0x00000000ead80000, 0x0000000100000000)
  eden space 512K, 100% used [0x00000000eab00000,0x00000000eab80000,0x00000000eab80000)
  from space 512K, 87% used [0x00000000eab80000,0x00000000eabf0000,0x00000000eac00000)
  to   space 1024K, 0% used [0x00000000eac80000,0x00000000eac80000,0x00000000ead80000)
 ParOldGen       total 431104K, used 202704K [0x00000000c0000000, 0x00000000da500000, 0x00000000eab00000)
  object space 431104K, 47% used [0x00000000c0000000,0x00000000cc5f4318,0x00000000da500000)
 Metaspace       used 66318K, committed 67712K, reserved 1114112K
  class space    used 7541K, committed 8128K, reserved 1048576K
}
Event: 8249.809 GC heap after
{Heap after GC invocations=495 (full 3):
 PSYoungGen      total 1536K, used 582K [0x00000000eab00000, 0x00000000ead80000, 0x0000000100000000)
  eden space 512K, 0% used [0x00000000eab00000,0x00000000eab00000,0x00000000eab80000)
  from space 1024K, 56% used [0x00000000eac80000,0x00000000ead11940,0x00000000ead80000)
  to   space 1024K, 0% used [0x00000000eab80000,0x00000000eab80000,0x00000000eac80000)
 ParOldGen       total 431104K, used 203104K [0x00000000c0000000, 0x00000000da500000, 0x00000000eab00000)
  object space 431104K, 47% used [0x00000000c0000000,0x00000000cc658318,0x00000000da500000)
 Metaspace       used 66318K, committed 67712K, reserved 1114112K
  class space    used 7541K, committed 8128K, reserved 1048576K
}
Event: 8249.848 GC heap before
{Heap before GC invocations=496 (full 3):
 PSYoungGen      total 1536K, used 921K [0x00000000eab00000, 0x00000000ead80000, 0x0000000100000000)
  eden space 512K, 66% used [0x00000000eab00000,0x00000000eab54d18,0x00000000eab80000)
  from space 1024K, 56% used [0x00000000eac80000,0x00000000ead11940,0x00000000ead80000)
  to   space 1024K, 0% used [0x00000000eab80000,0x00000000eab80000,0x00000000eac80000)
 ParOldGen       total 431104K, used 203104K [0x00000000c0000000, 0x00000000da500000, 0x00000000eab00000)
  object space 431104K, 47% used [0x00000000c0000000,0x00000000cc658318,0x00000000da500000)
 Metaspace       used 66318K, committed 67712K, reserved 1114112K
  class space    used 7541K, committed 8128K, reserved 1048576K
}
Event: 8249.853 GC heap after
{Heap after GC invocations=496 (full 3):
 PSYoungGen      total 1536K, used 384K [0x00000000eab00000, 0x00000000ead00000, 0x0000000100000000)
  eden space 512K, 0% used [0x00000000eab00000,0x00000000eab00000,0x00000000eab80000)
  from space 1024K, 37% used [0x00000000eab80000,0x00000000eabe0000,0x00000000eac80000)
  to   space 512K, 0% used [0x00000000eac80000,0x00000000eac80000,0x00000000ead00000)
 ParOldGen       total 431104K, used 203607K [0x00000000c0000000, 0x00000000da500000, 0x00000000eab00000)
  object space 431104K, 47% used [0x00000000c0000000,0x00000000cc6d5c58,0x00000000da500000)
 Metaspace       used 66318K, committed 67712K, reserved 1114112K
  class space    used 7541K, committed 8128K, reserved 1048576K
}
Event: 8249.891 GC heap before
{Heap before GC invocations=497 (full 3):
 PSYoungGen      total 1536K, used 895K [0x00000000eab00000, 0x00000000ead00000, 0x0000000100000000)
  eden space 512K, 99% used [0x00000000eab00000,0x00000000eab7ffc8,0x00000000eab80000)
  from space 1024K, 37% used [0x00000000eab80000,0x00000000eabe0000,0x00000000eac80000)
  to   space 512K, 0% used [0x00000000eac80000,0x00000000eac80000,0x00000000ead00000)
 ParOldGen       total 431104K, used 203607K [0x00000000c0000000, 0x00000000da500000, 0x00000000eab00000)
  object space 431104K, 47% used [0x00000000c0000000,0x00000000cc6d5c58,0x00000000da500000)
 Metaspace       used 66318K, committed 67712K, reserved 1114112K
  class space    used 7541K, committed 8128K, reserved 1048576K
}
Event: 8249.896 GC heap after
{Heap after GC invocations=497 (full 3):
 PSYoungGen      total 1536K, used 307K [0x00000000eab00000, 0x00000000ead00000, 0x0000000100000000)
  eden space 1024K, 0% used [0x00000000eab00000,0x00000000eab00000,0x00000000eac00000)
  from space 512K, 60% used [0x00000000eac80000,0x00000000eacccd50,0x00000000ead00000)
  to   space 512K, 0% used [0x00000000eac00000,0x00000000eac00000,0x00000000eac80000)
 ParOldGen       total 431104K, used 204178K [0x00000000c0000000, 0x00000000da500000, 0x00000000eab00000)
  object space 431104K, 47% used [0x00000000c0000000,0x00000000cc7649a8,0x00000000da500000)
 Metaspace       used 66318K, committed 67712K, reserved 1114112K
  class space    used 7541K, committed 8128K, reserved 1048576K
}
Event: 8249.951 GC heap before
{Heap before GC invocations=498 (full 3):
 PSYoungGen      total 1536K, used 1331K [0x00000000eab00000, 0x00000000ead00000, 0x0000000100000000)
  eden space 1024K, 100% used [0x00000000eab00000,0x00000000eac00000,0x00000000eac00000)
  from space 512K, 60% used [0x00000000eac80000,0x00000000eacccd50,0x00000000ead00000)
  to   space 512K, 0% used [0x00000000eac00000,0x00000000eac00000,0x00000000eac80000)
 ParOldGen       total 431104K, used 204178K [0x00000000c0000000, 0x00000000da500000, 0x00000000eab00000)
  object space 431104K, 47% used [0x00000000c0000000,0x00000000cc7649a8,0x00000000da500000)
 Metaspace       used 66318K, committed 67712K, reserved 1114112K
  class space    used 7541K, committed 8128K, reserved 1048576K
}
Event: 8249.961 GC heap after
{Heap after GC invocations=498 (full 3):
 PSYoungGen      total 1536K, used 512K [0x00000000eab00000, 0x00000000eaf00000, 0x0000000100000000)
  eden space 1024K, 0% used [0x00000000eab00000,0x00000000eab00000,0x00000000eac00000)
  from space 512K, 100% used [0x00000000eac00000,0x00000000eac80000,0x00000000eac80000)
  to   space 1536K, 0% used [0x00000000ead80000,0x00000000ead80000,0x00000000eaf00000)
 ParOldGen       total 431104K, used 204949K [0x00000000c0000000, 0x00000000da500000, 0x00000000eab00000)
  object space 431104K, 47% used [0x00000000c0000000,0x00000000cc8256f8,0x00000000da500000)
 Metaspace       used 66318K, committed 67712K, reserved 1114112K
  class space    used 7541K, committed 8128K, reserved 1048576K
}
Event: 8250.028 GC heap before
{Heap before GC invocations=499 (full 3):
 PSYoungGen      total 1536K, used 1536K [0x00000000eab00000, 0x00000000eaf00000, 0x0000000100000000)
  eden space 1024K, 100% used [0x00000000eab00000,0x00000000eac00000,0x00000000eac00000)
  from space 512K, 100% used [0x00000000eac00000,0x00000000eac80000,0x00000000eac80000)
  to   space 1536K, 0% used [0x00000000ead80000,0x00000000ead80000,0x00000000eaf00000)
 ParOldGen       total 431104K, used 204949K [0x00000000c0000000, 0x00000000da500000, 0x00000000eab00000)
  object space 431104K, 47% used [0x00000000c0000000,0x00000000cc8256f8,0x00000000da500000)
 Metaspace       used 66318K, committed 67712K, reserved 1114112K
  class space    used 7541K, committed 8128K, reserved 1048576K
}
Event: 8250.034 GC heap after
{Heap after GC invocations=499 (full 3):
 PSYoungGen      total 2560K, used 1024K [0x00000000eab00000, 0x00000000eaf00000, 0x0000000100000000)
  eden space 1024K, 0% used [0x00000000eab00000,0x00000000eab00000,0x00000000eac00000)
  from space 1536K, 66% used [0x00000000ead80000,0x00000000eae80000,0x00000000eaf00000)
  to   space 1536K, 0% used [0x00000000eac00000,0x00000000eac00000,0x00000000ead80000)
 ParOldGen       total 431104K, used 205477K [0x00000000c0000000, 0x00000000da500000, 0x00000000eab00000)
  object space 431104K, 47% used [0x00000000c0000000,0x00000000cc8a96f8,0x00000000da500000)
 Metaspace       used 66318K, committed 67712K, reserved 1114112K
  class space    used 7541K, committed 8128K, reserved 1048576K
}
Event: 8250.083 GC heap before
{Heap before GC invocations=500 (full 3):
 PSYoungGen      total 2560K, used 2048K [0x00000000eab00000, 0x00000000eaf00000, 0x0000000100000000)
  eden space 1024K, 100% used [0x00000000eab00000,0x00000000eac00000,0x00000000eac00000)
  from space 1536K, 66% used [0x00000000ead80000,0x00000000eae80000,0x00000000eaf00000)
  to   space 1536K, 0% used [0x00000000eac00000,0x00000000eac00000,0x00000000ead80000)
 ParOldGen       total 431104K, used 205477K [0x00000000c0000000, 0x00000000da500000, 0x00000000eab00000)
  object space 431104K, 47% used [0x00000000c0000000,0x00000000cc8a96f8,0x00000000da500000)
 Metaspace       used 66318K, committed 67712K, reserved 1114112K
  class space    used 7541K, committed 8128K, reserved 1048576K
}
Event: 8250.093 GC heap after
{Heap after GC invocations=500 (full 3):
 PSYoungGen      total 2560K, used 1056K [0x00000000eab00000, 0x00000000eaf00000, 0x0000000100000000)
  eden space 1024K, 0% used [0x00000000eab00000,0x00000000eab00000,0x00000000eac00000)
  from space 1536K, 68% used [0x00000000eac00000,0x00000000ead08000,0x00000000ead80000)
  to   space 1536K, 0% used [0x00000000ead80000,0x00000000ead80000,0x00000000eaf00000)
 ParOldGen       total 431104K, used 206493K [0x00000000c0000000, 0x00000000da500000, 0x00000000eab00000)
  object space 431104K, 47% used [0x00000000c0000000,0x00000000cc9a76f8,0x00000000da500000)
 Metaspace       used 66318K, committed 67712K, reserved 1114112K
  class space    used 7541K, committed 8128K, reserved 1048576K
}
Event: 8250.186 GC heap before
{Heap before GC invocations=501 (full 3):
 PSYoungGen      total 2560K, used 2080K [0x00000000eab00000, 0x00000000eaf00000, 0x0000000100000000)
  eden space 1024K, 100% used [0x00000000eab00000,0x00000000eac00000,0x00000000eac00000)
  from space 1536K, 68% used [0x00000000eac00000,0x00000000ead08000,0x00000000ead80000)
  to   space 1536K, 0% used [0x00000000ead80000,0x00000000ead80000,0x00000000eaf00000)
 ParOldGen       total 431104K, used 206493K [0x00000000c0000000, 0x00000000da500000, 0x00000000eab00000)
  object space 431104K, 47% used [0x00000000c0000000,0x00000000cc9a76f8,0x00000000da500000)
 Metaspace       used 66318K, committed 67712K, reserved 1114112K
  class space    used 7541K, committed 8128K, reserved 1048576K
}
Event: 8250.194 GC heap after
{Heap after GC invocations=501 (full 3):
 PSYoungGen      total 2560K, used 1088K [0x00000000eab00000, 0x00000000eaf00000, 0x0000000100000000)
  eden space 1024K, 0% used [0x00000000eab00000,0x00000000eab00000,0x00000000eac00000)
  from space 1536K, 70% used [0x00000000ead80000,0x00000000eae90000,0x00000000eaf00000)
  to   space 1536K, 0% used [0x00000000eac00000,0x00000000eac00000,0x00000000ead80000)
 ParOldGen       total 431104K, used 207517K [0x00000000c0000000, 0x00000000da500000, 0x00000000eab00000)
  object space 431104K, 48% used [0x00000000c0000000,0x00000000ccaa76f8,0x00000000da500000)
 Metaspace       used 66318K, committed 67712K, reserved 1114112K
  class space    used 7541K, committed 8128K, reserved 1048576K
}

